<?xml version="1.0" encoding="UTF-8"?>
<!-- Generated by org.testng.reporters.JUnitReportReporter -->
<testsuite hostname="NTK0343" failures="0" tests="2" name="Edit.SauceDemo.Asignación5" time="4.242" errors="0" timestamp="2023-01-03T18:52:43 ART" skipped="0">
  <testcase classname="Edit.SauceDemo.Asignación5" name="login" time="1.106"/>
  <system-out/>
  <testcase classname="Edit.SauceDemo.Asignación5" name="SeleccionarCargarEjecutar" time="3.136"/>
  <system-out/>
</testsuite> <!-- Edit.SauceDemo.Asignación5 -->
